<?xml version="1.0" encoding="UTF-8"?>
<!-- Generated by org.testng.reporters.JUnitXMLReporter -->
<testsuite ignored="0" hostname="dbdbaafaeeffaccacaeefddadedebfeeccfcae-0" failures="3" tests="3" name="Surefire test" time="17.039" errors="0" timestamp="2023-08-18T09:36:05 UTC">
  <testcase classname="testcases.Testcase1" name="TestTodaysDeal" time="0.002">
    <failure type="java.lang.Error" message="Unresolved compilation problem: 
	The method captureScreenshot(WebDriver, String, String) in the type Screenshot is not applicable for the arguments (WebDriver, String)
">
      <![CDATA[java.lang.Error: Unresolved compilation problem: 
The method captureScreenshot(WebDriver, String, String) in the type Screenshot is not applicable for the arguments (WebDriver, String)

at testcases.Testcase1.TestTodaysDeal(Testcase1.java:62)
at java.base/java.util.ArrayList.forEach(ArrayList.java:1541)
... Removed 32 stack frames]]>
    </failure>
  </testcase> <!-- TestTodaysDeal -->
  <testcase classname="testcases.Testcase1" name="TestProductClick" time="0.0">
    <failure type="java.lang.Error" message="Unresolved compilation problems: 
	x cannot be resolved to a type
	Syntax error on token &amp;quot;.&amp;quot;, ; expected
	The method findElement(By) is undefined for the type Testcase1
	The method captureScreenshot(WebDriver, String, String) in the type Screenshot is not applicable for the arguments (WebDriver, String)
">
      <![CDATA[java.lang.Error: Unresolved compilation problems: 
x cannot be resolved to a type
Syntax error on token ".", ; expected
The method findElement(By) is undefined for the type Testcase1
The method captureScreenshot(WebDriver, String, String) in the type Screenshot is not applicable for the arguments (WebDriver, String)

at testcases.Testcase1.TestProductClick(Testcase1.java:76)
at java.base/java.util.ArrayList.forEach(ArrayList.java:1541)
... Removed 32 stack frames]]>
    </failure>
  </testcase> <!-- TestProductClick -->
  <testcase classname="testcases.Testcase1" name="AddCartTest" time="0.001">
    <failure type="java.lang.Error" message="Unresolved compilation problems: 
	The method captureScreenshot(WebDriver, String, String) in the type Screenshot is not applicable for the arguments (WebDriver, String)
	The method captureScreenshot(WebDriver, String, String) in the type Screenshot is not applicable for the arguments (WebDriver, String)
">
      <![CDATA[java.lang.Error: Unresolved compilation problems: 
The method captureScreenshot(WebDriver, String, String) in the type Screenshot is not applicable for the arguments (WebDriver, String)
The method captureScreenshot(WebDriver, String, String) in the type Screenshot is not applicable for the arguments (WebDriver, String)

at testcases.Testcase1.AddCartTest(Testcase1.java:126)
at java.base/java.util.ArrayList.forEach(ArrayList.java:1541)
... Removed 32 stack frames]]>
    </failure>
  </testcase> <!-- AddCartTest -->
</testsuite> <!-- Surefire test -->
